<?xml version="1.0" encoding="UTF-8"?>
<testsuite name="hexlet.code.controller.api.users.TaskStatusControllerTests" tests="5" skipped="0" failures="0" errors="0" timestamp="2024-09-22T15:57:08" hostname="MacBook-Air-Dara.local" time="0.5">
  <properties/>
  <testcase name="createTaskStatus()" classname="hexlet.code.controller.api.users.TaskStatusControllerTests" time="0.08"/>
  <testcase name="deleteTaskStatus()" classname="hexlet.code.controller.api.users.TaskStatusControllerTests" time="0.028"/>
  <testcase name="updateTaskStatus()" classname="hexlet.code.controller.api.users.TaskStatusControllerTests" time="0.099"/>
  <testcase name="getTaskStatus()" classname="hexlet.code.controller.api.users.TaskStatusControllerTests" time="0.145"/>
  <testcase name="getListTaskStatuses()" classname="hexlet.code.controller.api.users.TaskStatusControllerTests" time="0.098"/>
  <system-out><![CDATA[?[2m2024-09-22T18:57:08.698+03:00?[0;39m ?[32m INFO?[0;39m ?[35m38480?[0;39m ?[2m---?[0;39m ?[2m[    Test worker]?[0;39m ?[2m?[0;39m?[36mt.c.s.AnnotationConfigContextLoaderUtils?[0;39m ?[2m:?[0;39m Could not detect default configuration classes for test class [hexlet.code.controller.api.users.TaskStatusControllerTests]: TaskStatusControllerTests does not declare any static, non-private, non-final, nested classes annotated with @Configuration.
?[2m2024-09-22T18:57:08.702+03:00?[0;39m ?[32m INFO?[0;39m ?[35m38480?[0;39m ?[2m---?[0;39m ?[2m[    Test worker]?[0;39m ?[2m?[0;39m?[36m.b.t.c.SpringBootTestContextBootstrapper?[0;39m ?[2m:?[0;39m Found @SpringBootConfiguration hexlet.code.AppApplication for test class hexlet.code.controller.api.users.TaskStatusControllerTests
?[2m2024-09-22T18:57:08.714+03:00?[0;39m ?[32m INFO?[0;39m ?[35m38480?[0;39m ?[2m---?[0;39m ?[2m[    Test worker]?[0;39m ?[2m?[0;39m?[36mo.s.b.t.m.w.SpringBootMockServletContext?[0;39m ?[2m:?[0;39m Initializing Spring TestDispatcherServlet ''
?[2m2024-09-22T18:57:08.715+03:00?[0;39m ?[32m INFO?[0;39m ?[35m38480?[0;39m ?[2m---?[0;39m ?[2m[    Test worker]?[0;39m ?[2m?[0;39m?[36mo.s.t.web.servlet.TestDispatcherServlet ?[0;39m ?[2m:?[0;39m Initializing Servlet ''
?[2m2024-09-22T18:57:08.717+03:00?[0;39m ?[32m INFO?[0;39m ?[35m38480?[0;39m ?[2m---?[0;39m ?[2m[    Test worker]?[0;39m ?[2m?[0;39m?[36mo.s.t.web.servlet.TestDispatcherServlet ?[0;39m ?[2m:?[0;39m Completed initialization in 1 ms
Hibernate: select ts1_0.id from task_statuses ts1_0 where ts1_0.slug=? fetch first ? rows only
Hibernate: insert into task_statuses (created_at,name,slug,id) values (?,?,?,default)
Hibernate: select ts1_0.id from task_statuses ts1_0 where ts1_0.slug=? fetch first ? rows only
Hibernate: select ts1_0.id from task_statuses ts1_0 where ts1_0.slug=? fetch first ? rows only
Hibernate: insert into task_statuses (created_at,name,slug,id) values (?,?,?,default)
Hibernate: select ts1_0.id,ts1_0.created_at,ts1_0.slug,ts1_0.name from task_statuses ts1_0 where ts1_0.slug=?
?[2m2024-09-22T18:57:08.797+03:00?[0;39m ?[32m INFO?[0;39m ?[35m38480?[0;39m ?[2m---?[0;39m ?[2m[    Test worker]?[0;39m ?[2m?[0;39m?[36mo.s.b.t.m.w.SpringBootMockServletContext?[0;39m ?[2m:?[0;39m Initializing Spring TestDispatcherServlet ''
?[2m2024-09-22T18:57:08.798+03:00?[0;39m ?[32m INFO?[0;39m ?[35m38480?[0;39m ?[2m---?[0;39m ?[2m[    Test worker]?[0;39m ?[2m?[0;39m?[36mo.s.t.web.servlet.TestDispatcherServlet ?[0;39m ?[2m:?[0;39m Initializing Servlet ''
?[2m2024-09-22T18:57:08.800+03:00?[0;39m ?[32m INFO?[0;39m ?[35m38480?[0;39m ?[2m---?[0;39m ?[2m[    Test worker]?[0;39m ?[2m?[0;39m?[36mo.s.t.web.servlet.TestDispatcherServlet ?[0;39m ?[2m:?[0;39m Completed initialization in 2 ms
Hibernate: select ts1_0.id from task_statuses ts1_0 where ts1_0.slug=? fetch first ? rows only
Hibernate: insert into task_statuses (created_at,name,slug,id) values (?,?,?,default)
?[2m2024-09-22T18:57:08.828+03:00?[0;39m ?[32m INFO?[0;39m ?[35m38480?[0;39m ?[2m---?[0;39m ?[2m[    Test worker]?[0;39m ?[2m?[0;39m?[36mo.s.b.t.m.w.SpringBootMockServletContext?[0;39m ?[2m:?[0;39m Initializing Spring TestDispatcherServlet ''
?[2m2024-09-22T18:57:08.828+03:00?[0;39m ?[32m INFO?[0;39m ?[35m38480?[0;39m ?[2m---?[0;39m ?[2m[    Test worker]?[0;39m ?[2m?[0;39m?[36mo.s.t.web.servlet.TestDispatcherServlet ?[0;39m ?[2m:?[0;39m Initializing Servlet ''
?[2m2024-09-22T18:57:08.830+03:00?[0;39m ?[32m INFO?[0;39m ?[35m38480?[0;39m ?[2m---?[0;39m ?[2m[    Test worker]?[0;39m ?[2m?[0;39m?[36mo.s.t.web.servlet.TestDispatcherServlet ?[0;39m ?[2m:?[0;39m Completed initialization in 2 ms
Hibernate: select ts1_0.id from task_statuses ts1_0 where ts1_0.slug=? fetch first ? rows only
Hibernate: insert into task_statuses (created_at,name,slug,id) values (?,?,?,default)
?[2m2024-09-22T18:57:08.977+03:00?[0;39m ?[32m INFO?[0;39m ?[35m38480?[0;39m ?[2m---?[0;39m ?[2m[    Test worker]?[0;39m ?[2m?[0;39m?[36mo.s.b.t.m.w.SpringBootMockServletContext?[0;39m ?[2m:?[0;39m Initializing Spring TestDispatcherServlet ''
?[2m2024-09-22T18:57:08.977+03:00?[0;39m ?[32m INFO?[0;39m ?[35m38480?[0;39m ?[2m---?[0;39m ?[2m[    Test worker]?[0;39m ?[2m?[0;39m?[36mo.s.t.web.servlet.TestDispatcherServlet ?[0;39m ?[2m:?[0;39m Initializing Servlet ''
?[2m2024-09-22T18:57:08.992+03:00?[0;39m ?[32m INFO?[0;39m ?[35m38480?[0;39m ?[2m---?[0;39m ?[2m[    Test worker]?[0;39m ?[2m?[0;39m?[36mo.s.t.web.servlet.TestDispatcherServlet ?[0;39m ?[2m:?[0;39m Completed initialization in 6 ms
Hibernate: select ts1_0.id from task_statuses ts1_0 where ts1_0.slug=? fetch first ? rows only
Hibernate: insert into task_statuses (created_at,name,slug,id) values (?,?,?,default)
?[2m2024-09-22T18:57:09.116+03:00?[0;39m ?[32m INFO?[0;39m ?[35m38480?[0;39m ?[2m---?[0;39m ?[2m[    Test worker]?[0;39m ?[2m?[0;39m?[36mo.s.b.t.m.w.SpringBootMockServletContext?[0;39m ?[2m:?[0;39m Initializing Spring TestDispatcherServlet ''
?[2m2024-09-22T18:57:09.117+03:00?[0;39m ?[32m INFO?[0;39m ?[35m38480?[0;39m ?[2m---?[0;39m ?[2m[    Test worker]?[0;39m ?[2m?[0;39m?[36mo.s.t.web.servlet.TestDispatcherServlet ?[0;39m ?[2m:?[0;39m Initializing Servlet ''
?[2m2024-09-22T18:57:09.121+03:00?[0;39m ?[32m INFO?[0;39m ?[35m38480?[0;39m ?[2m---?[0;39m ?[2m[    Test worker]?[0;39m ?[2m?[0;39m?[36mo.s.t.web.servlet.TestDispatcherServlet ?[0;39m ?[2m:?[0;39m Completed initialization in 2 ms
Hibernate: select ts1_0.id from task_statuses ts1_0 where ts1_0.slug=? fetch first ? rows only
Hibernate: insert into task_statuses (created_at,name,slug,id) values (?,?,?,default)
Hibernate: select ts1_0.id,ts1_0.created_at,ts1_0.slug,ts1_0.name from task_statuses ts1_0
Hibernate: select ts1_0.id,ts1_0.created_at,ts1_0.slug,ts1_0.name from task_statuses ts1_0
]]></system-out>
  <system-err><![CDATA[]]></system-err>
</testsuite>
