<?xml version="1.0" encoding="UTF-8"?>
<testsuite name="hexlet.code.AppApplicationTests" tests="2" skipped="0" failures="0" errors="0" timestamp="2024-09-20T20:52:29" hostname="MacBook-Air-Dara.local" time="1.869">
  <properties/>
  <testcase name="testWelcomePage()" classname="hexlet.code.AppApplicationTests" time="1.855"/>
  <testcase name="contextLoads()" classname="hexlet.code.AppApplicationTests" time="0.009"/>
  <system-out><![CDATA[23:51:53.628 [Test worker] INFO org.springframework.test.context.support.AnnotationConfigContextLoaderUtils -- Could not detect default configuration classes for test class [hexlet.code.AppApplicationTests]: AppApplicationTests does not declare any static, non-private, non-final, nested classes annotated with @Configuration.
23:51:54.857 [Test worker] INFO org.springframework.boot.test.context.SpringBootTestContextBootstrapper -- Found @SpringBootConfiguration hexlet.code.AppApplication for test class hexlet.code.AppApplicationTests
23:51:56.828 [Test worker] INFO org.springframework.boot.devtools.restart.RestartApplicationListener -- Restart disabled due to context in which it is running

  .   ____          _            __ _ _
 /\\ / ___'_ __ _ _(_)_ __  __ _ \ \ \ \
( ( )\___ | '_ | '_| | '_ \/ _` | \ \ \ \
 \\/  ___)| |_)| | | | | || (_| |  ) ) ) )
  '  |____| .__|_| |_|_| |_\__, | / / / /
 =========|_|==============|___/=/_/_/_/

?[32m :: Spring Boot :: ?[39m              ?[2m (v3.3.3)?[0;39m

?[2m2024-09-20T23:52:00.713+03:00?[0;39m ?[32m INFO?[0;39m ?[35m17700?[0;39m ?[2m---?[0;39m ?[2m[    Test worker]?[0;39m ?[2m?[0;39m?[36mhexlet.code.AppApplicationTests         ?[0;39m ?[2m:?[0;39m Starting AppApplicationTests using Java 21.0.2 with PID 17700 (started by dariakarpova in /Users/dariakarpova/Desktop/java/java-project-99)
?[2m2024-09-20T23:52:00.717+03:00?[0;39m ?[32m INFO?[0;39m ?[35m17700?[0;39m ?[2m---?[0;39m ?[2m[    Test worker]?[0;39m ?[2m?[0;39m?[36mhexlet.code.AppApplicationTests         ?[0;39m ?[2m:?[0;39m The following 1 profile is active: "${SPRING_PROFILES_ACTIVE}"
?[2m2024-09-20T23:52:09.356+03:00?[0;39m ?[32m INFO?[0;39m ?[35m17700?[0;39m ?[2m---?[0;39m ?[2m[    Test worker]?[0;39m ?[2m?[0;39m?[36m.s.d.r.c.RepositoryConfigurationDelegate?[0;39m ?[2m:?[0;39m Bootstrapping Spring Data JPA repositories in DEFAULT mode.
?[2m2024-09-20T23:52:09.559+03:00?[0;39m ?[32m INFO?[0;39m ?[35m17700?[0;39m ?[2m---?[0;39m ?[2m[    Test worker]?[0;39m ?[2m?[0;39m?[36m.s.d.r.c.RepositoryConfigurationDelegate?[0;39m ?[2m:?[0;39m Finished Spring Data repository scanning in 179 ms. Found 4 JPA repository interfaces.
?[2m2024-09-20T23:52:11.684+03:00?[0;39m ?[32m INFO?[0;39m ?[35m17700?[0;39m ?[2m---?[0;39m ?[2m[    Test worker]?[0;39m ?[2m?[0;39m?[36mo.hibernate.jpa.internal.util.LogHelper ?[0;39m ?[2m:?[0;39m HHH000204: Processing PersistenceUnitInfo [name: default]
?[2m2024-09-20T23:52:11.878+03:00?[0;39m ?[32m INFO?[0;39m ?[35m17700?[0;39m ?[2m---?[0;39m ?[2m[    Test worker]?[0;39m ?[2m?[0;39m?[36morg.hibernate.Version                   ?[0;39m ?[2m:?[0;39m HHH000412: Hibernate ORM core version 6.5.2.Final
?[2m2024-09-20T23:52:12.004+03:00?[0;39m ?[32m INFO?[0;39m ?[35m17700?[0;39m ?[2m---?[0;39m ?[2m[    Test worker]?[0;39m ?[2m?[0;39m?[36mo.h.c.internal.RegionFactoryInitiator   ?[0;39m ?[2m:?[0;39m HHH000026: Second-level cache disabled
?[2m2024-09-20T23:52:13.042+03:00?[0;39m ?[32m INFO?[0;39m ?[35m17700?[0;39m ?[2m---?[0;39m ?[2m[    Test worker]?[0;39m ?[2m?[0;39m?[36mo.s.o.j.p.SpringPersistenceUnitInfo     ?[0;39m ?[2m:?[0;39m No LoadTimeWeaver setup: ignoring JPA class transformer
?[2m2024-09-20T23:52:13.130+03:00?[0;39m ?[32m INFO?[0;39m ?[35m17700?[0;39m ?[2m---?[0;39m ?[2m[    Test worker]?[0;39m ?[2m?[0;39m?[36mcom.zaxxer.hikari.HikariDataSource      ?[0;39m ?[2m:?[0;39m HikariPool-1 - Starting...
?[2m2024-09-20T23:52:13.940+03:00?[0;39m ?[32m INFO?[0;39m ?[35m17700?[0;39m ?[2m---?[0;39m ?[2m[    Test worker]?[0;39m ?[2m?[0;39m?[36mcom.zaxxer.hikari.pool.HikariPool       ?[0;39m ?[2m:?[0;39m HikariPool-1 - Added connection conn0: url=jdbc:h2:mem:882e97af-a3e8-4ba0-a712-6e7a816f32ee user=SA
?[2m2024-09-20T23:52:13.945+03:00?[0;39m ?[32m INFO?[0;39m ?[35m17700?[0;39m ?[2m---?[0;39m ?[2m[    Test worker]?[0;39m ?[2m?[0;39m?[36mcom.zaxxer.hikari.HikariDataSource      ?[0;39m ?[2m:?[0;39m HikariPool-1 - Start completed.
?[2m2024-09-20T23:52:18.584+03:00?[0;39m ?[32m INFO?[0;39m ?[35m17700?[0;39m ?[2m---?[0;39m ?[2m[    Test worker]?[0;39m ?[2m?[0;39m?[36mo.h.e.t.j.p.i.JtaPlatformInitiator      ?[0;39m ?[2m:?[0;39m HHH000489: No JTA platform available (set 'hibernate.transaction.jta.platform' to enable JTA platform integration)
Hibernate: create table labels (id bigint generated by default as identity, created_at date, name varchar(1000) not null, primary key (id))
Hibernate: create table task_statuses (id bigint generated by default as identity, created_at date, name varchar(255) not null, slug varchar(255) not null, primary key (id))
Hibernate: create table tasks (id bigint generated by default as identity, created_at date, description TEXT, index integer, name varchar(255) not null, assignee_id bigint, task_status varchar(255) not null, primary key (id))
Hibernate: create table tasks_labels (tasks_id bigint not null, labels_id bigint not null, primary key (tasks_id, labels_id))
Hibernate: create table users (id bigint generated by default as identity, created_at date, email varchar(255) not null, first_name varchar(255), last_name varchar(255), password_digest varchar(255) not null, updated_at date, primary key (id))
Hibernate: alter table if exists labels drop constraint if exists UKotpirygk7h1hmo02w999f7kmp
Hibernate: alter table if exists labels add constraint UKotpirygk7h1hmo02w999f7kmp unique (name)
Hibernate: alter table if exists task_statuses drop constraint if exists UKs9havha7265fb7s24h1oe937x
Hibernate: alter table if exists task_statuses add constraint UKs9havha7265fb7s24h1oe937x unique (slug)
Hibernate: alter table if exists tasks add constraint FKekr1dgiqktpyoip3qmp6lxsit foreign key (assignee_id) references users
Hibernate: alter table if exists tasks add constraint FKfavyldmwqxn2beytnyx07518n foreign key (task_status) references task_statuses (slug)
Hibernate: alter table if exists tasks_labels add constraint FK1jqo1eikgg8xnhi58yp81b8nl foreign key (labels_id) references labels
Hibernate: alter table if exists tasks_labels add constraint FKtmt7qqcx2mbu4jhmxu9g53o9j foreign key (tasks_id) references tasks
?[2m2024-09-20T23:52:18.923+03:00?[0;39m ?[32m INFO?[0;39m ?[35m17700?[0;39m ?[2m---?[0;39m ?[2m[    Test worker]?[0;39m ?[2m?[0;39m?[36mj.LocalContainerEntityManagerFactoryBean?[0;39m ?[2m:?[0;39m Initialized JPA EntityManagerFactory for persistence unit 'default'
?[2m2024-09-20T23:52:23.242+03:00?[0;39m ?[33m WARN?[0;39m ?[35m17700?[0;39m ?[2m---?[0;39m ?[2m[    Test worker]?[0;39m ?[2m?[0;39m?[36mJpaBaseConfiguration$JpaWebConfiguration?[0;39m ?[2m:?[0;39m spring.jpa.open-in-view is enabled by default. Therefore, database queries may be performed during view rendering. Explicitly configure spring.jpa.open-in-view to disable this warning
?[2m2024-09-20T23:52:23.446+03:00?[0;39m ?[32m INFO?[0;39m ?[35m17700?[0;39m ?[2m---?[0;39m ?[2m[    Test worker]?[0;39m ?[2m?[0;39m?[36meAuthenticationProviderManagerConfigurer?[0;39m ?[2m:?[0;39m Global AuthenticationManager configured with AuthenticationProvider bean with name authenticationProvider
?[2m2024-09-20T23:52:23.448+03:00?[0;39m ?[33m WARN?[0;39m ?[35m17700?[0;39m ?[2m---?[0;39m ?[2m[    Test worker]?[0;39m ?[2m?[0;39m?[36mr$InitializeUserDetailsManagerConfigurer?[0;39m ?[2m:?[0;39m Global AuthenticationManager configured with an AuthenticationProvider bean. UserDetailsService beans will not be used for username/password login. Consider removing the AuthenticationProvider bean. Alternatively, consider using the UserDetailsService in a manually instantiated DaoAuthenticationProvider.
?[2m2024-09-20T23:52:24.075+03:00?[0;39m ?[32m INFO?[0;39m ?[35m17700?[0;39m ?[2m---?[0;39m ?[2m[    Test worker]?[0;39m ?[2m?[0;39m?[36mo.s.b.a.w.s.WelcomePageHandlerMapping   ?[0;39m ?[2m:?[0;39m Adding welcome page: class path resource [static/index.html]
?[2m2024-09-20T23:52:28.372+03:00?[0;39m ?[32m INFO?[0;39m ?[35m17700?[0;39m ?[2m---?[0;39m ?[2m[    Test worker]?[0;39m ?[2m?[0;39m?[36mo.s.b.t.m.w.SpringBootMockServletContext?[0;39m ?[2m:?[0;39m Initializing Spring TestDispatcherServlet ''
?[2m2024-09-20T23:52:28.373+03:00?[0;39m ?[32m INFO?[0;39m ?[35m17700?[0;39m ?[2m---?[0;39m ?[2m[    Test worker]?[0;39m ?[2m?[0;39m?[36mo.s.t.web.servlet.TestDispatcherServlet ?[0;39m ?[2m:?[0;39m Initializing Servlet ''
?[2m2024-09-20T23:52:28.379+03:00?[0;39m ?[32m INFO?[0;39m ?[35m17700?[0;39m ?[2m---?[0;39m ?[2m[    Test worker]?[0;39m ?[2m?[0;39m?[36mo.s.t.web.servlet.TestDispatcherServlet ?[0;39m ?[2m:?[0;39m Completed initialization in 5 ms
?[2m2024-09-20T23:52:28.486+03:00?[0;39m ?[32m INFO?[0;39m ?[35m17700?[0;39m ?[2m---?[0;39m ?[2m[    Test worker]?[0;39m ?[2m?[0;39m?[36mhexlet.code.AppApplicationTests         ?[0;39m ?[2m:?[0;39m Started AppApplicationTests in 31.724 seconds (process running for 42.571)
Hibernate: insert into users (created_at,email,first_name,last_name,password_digest,updated_at,id) values (?,?,?,?,?,?,default)
Hibernate: insert into task_statuses (created_at,name,slug,id) values (?,?,?,default)
Hibernate: insert into task_statuses (created_at,name,slug,id) values (?,?,?,default)
Hibernate: insert into task_statuses (created_at,name,slug,id) values (?,?,?,default)
Hibernate: insert into task_statuses (created_at,name,slug,id) values (?,?,?,default)
Hibernate: insert into task_statuses (created_at,name,slug,id) values (?,?,?,default)
Hibernate: insert into labels (created_at,name,id) values (?,?,default)
Hibernate: insert into labels (created_at,name,id) values (?,?,default)
]]></system-out>
  <system-err><![CDATA[WARNING: A Java agent has been loaded dynamically (/Users/dariakarpova/.gradle/caches/modules-2/files-2.1/net.bytebuddy/byte-buddy-agent/1.14.19/154da3a65b4f4a909d3e5bdec55d1b2b4cbb6ce1/byte-buddy-agent-1.14.19.jar)
WARNING: If a serviceability tool is in use, please run with -XX:+EnableDynamicAgentLoading to hide this warning
WARNING: If a serviceability tool is not in use, please run with -Djdk.instrument.traceUsage for more information
WARNING: Dynamic loading of agents will be disallowed by default in a future release
]]></system-err>
</testsuite>
