<?xml version="1.0" encoding="UTF-8"?>
<testsuite name="hexlet.code.controller.api.users.UsersControllerTests" tests="5" skipped="0" failures="0" errors="0" timestamp="2024-09-08T14:15:33" hostname="MacBook-Air-Dara.local" time="2.221">
  <properties/>
  <testcase name="testGetList()" classname="hexlet.code.controller.api.users.UsersControllerTests" time="1.583"/>
  <testcase name="testGetUser()" classname="hexlet.code.controller.api.users.UsersControllerTests" time="0.089"/>
  <testcase name="testDeleteUser()" classname="hexlet.code.controller.api.users.UsersControllerTests" time="0.059"/>
  <testcase name="testCreate()" classname="hexlet.code.controller.api.users.UsersControllerTests" time="0.371"/>
  <testcase name="testUpdate()" classname="hexlet.code.controller.api.users.UsersControllerTests" time="0.104"/>
  <system-out><![CDATA[?[2m2024-09-08T17:15:33.686+03:00?[0;39m ?[32m INFO?[0;39m ?[35m49743?[0;39m ?[2m---?[0;39m ?[2m[    Test worker]?[0;39m ?[2m?[0;39m?[36mt.c.s.AnnotationConfigContextLoaderUtils?[0;39m ?[2m:?[0;39m Could not detect default configuration classes for test class [hexlet.code.controller.api.users.UsersControllerTests]: UsersControllerTests does not declare any static, non-private, non-final, nested classes annotated with @Configuration.
?[2m2024-09-08T17:15:33.718+03:00?[0;39m ?[32m INFO?[0;39m ?[35m49743?[0;39m ?[2m---?[0;39m ?[2m[    Test worker]?[0;39m ?[2m?[0;39m?[36m.b.t.c.SpringBootTestContextBootstrapper?[0;39m ?[2m:?[0;39m Found @SpringBootConfiguration hexlet.code.AppApplication for test class hexlet.code.controller.api.users.UsersControllerTests
?[2m2024-09-08T17:15:33.751+03:00?[0;39m ?[32m INFO?[0;39m ?[35m49743?[0;39m ?[2m---?[0;39m ?[2m[    Test worker]?[0;39m ?[2m?[0;39m?[36mo.s.b.t.m.w.SpringBootMockServletContext?[0;39m ?[2m:?[0;39m Initializing Spring TestDispatcherServlet ''
?[2m2024-09-08T17:15:33.751+03:00?[0;39m ?[32m INFO?[0;39m ?[35m49743?[0;39m ?[2m---?[0;39m ?[2m[    Test worker]?[0;39m ?[2m?[0;39m?[36mo.s.t.web.servlet.TestDispatcherServlet ?[0;39m ?[2m:?[0;39m Initializing Servlet ''
?[2m2024-09-08T17:15:33.754+03:00?[0;39m ?[32m INFO?[0;39m ?[35m49743?[0;39m ?[2m---?[0;39m ?[2m[    Test worker]?[0;39m ?[2m?[0;39m?[36mo.s.t.web.servlet.TestDispatcherServlet ?[0;39m ?[2m:?[0;39m Completed initialization in 2 ms
Hibernate: insert into users (created_at,email,first_name,last_name,password_digest,updated_at,id) values (?,?,?,?,?,?,default)
Hibernate: select u1_0.id,u1_0.created_at,u1_0.email,u1_0.first_name,u1_0.last_name,u1_0.password_digest,u1_0.updated_at from users u1_0
Hibernate: select count(*) from users u1_0 where u1_0.id=?
?[2m2024-09-08T17:15:35.325+03:00?[0;39m ?[32m INFO?[0;39m ?[35m49743?[0;39m ?[2m---?[0;39m ?[2m[    Test worker]?[0;39m ?[2m?[0;39m?[36mo.s.b.t.m.w.SpringBootMockServletContext?[0;39m ?[2m:?[0;39m Initializing Spring TestDispatcherServlet ''
?[2m2024-09-08T17:15:35.325+03:00?[0;39m ?[32m INFO?[0;39m ?[35m49743?[0;39m ?[2m---?[0;39m ?[2m[    Test worker]?[0;39m ?[2m?[0;39m?[36mo.s.t.web.servlet.TestDispatcherServlet ?[0;39m ?[2m:?[0;39m Initializing Servlet ''
?[2m2024-09-08T17:15:35.328+03:00?[0;39m ?[32m INFO?[0;39m ?[35m49743?[0;39m ?[2m---?[0;39m ?[2m[    Test worker]?[0;39m ?[2m?[0;39m?[36mo.s.t.web.servlet.TestDispatcherServlet ?[0;39m ?[2m:?[0;39m Completed initialization in 2 ms
Hibernate: insert into users (created_at,email,first_name,last_name,password_digest,updated_at,id) values (?,?,?,?,?,?,default)
Hibernate: select count(*) from users u1_0 where u1_0.id=?
?[2m2024-09-08T17:15:35.420+03:00?[0;39m ?[32m INFO?[0;39m ?[35m49743?[0;39m ?[2m---?[0;39m ?[2m[    Test worker]?[0;39m ?[2m?[0;39m?[36mo.s.b.t.m.w.SpringBootMockServletContext?[0;39m ?[2m:?[0;39m Initializing Spring TestDispatcherServlet ''
?[2m2024-09-08T17:15:35.421+03:00?[0;39m ?[32m INFO?[0;39m ?[35m49743?[0;39m ?[2m---?[0;39m ?[2m[    Test worker]?[0;39m ?[2m?[0;39m?[36mo.s.t.web.servlet.TestDispatcherServlet ?[0;39m ?[2m:?[0;39m Initializing Servlet ''
?[2m2024-09-08T17:15:35.423+03:00?[0;39m ?[32m INFO?[0;39m ?[35m49743?[0;39m ?[2m---?[0;39m ?[2m[    Test worker]?[0;39m ?[2m?[0;39m?[36mo.s.t.web.servlet.TestDispatcherServlet ?[0;39m ?[2m:?[0;39m Completed initialization in 2 ms
Hibernate: insert into users (created_at,email,first_name,last_name,password_digest,updated_at,id) values (?,?,?,?,?,?,default)
Hibernate: delete from users where id=?
Hibernate: select count(*) from users u1_0 where u1_0.id=?
?[2m2024-09-08T17:15:35.498+03:00?[0;39m ?[32m INFO?[0;39m ?[35m49743?[0;39m ?[2m---?[0;39m ?[2m[    Test worker]?[0;39m ?[2m?[0;39m?[36mo.s.b.t.m.w.SpringBootMockServletContext?[0;39m ?[2m:?[0;39m Initializing Spring TestDispatcherServlet ''
?[2m2024-09-08T17:15:35.500+03:00?[0;39m ?[32m INFO?[0;39m ?[35m49743?[0;39m ?[2m---?[0;39m ?[2m[    Test worker]?[0;39m ?[2m?[0;39m?[36mo.s.t.web.servlet.TestDispatcherServlet ?[0;39m ?[2m:?[0;39m Initializing Servlet ''
?[2m2024-09-08T17:15:35.505+03:00?[0;39m ?[32m INFO?[0;39m ?[35m49743?[0;39m ?[2m---?[0;39m ?[2m[    Test worker]?[0;39m ?[2m?[0;39m?[36mo.s.t.web.servlet.TestDispatcherServlet ?[0;39m ?[2m:?[0;39m Completed initialization in 3 ms
Hibernate: insert into users (created_at,email,first_name,last_name,password_digest,updated_at,id) values (?,?,?,?,?,?,default)
Hibernate: insert into users (created_at,email,first_name,last_name,password_digest,updated_at,id) values (?,?,?,?,?,?,default)
Hibernate: select count(*) from users u1_0 where u1_0.id=?
?[2m2024-09-08T17:15:35.858+03:00?[0;39m ?[32m INFO?[0;39m ?[35m49743?[0;39m ?[2m---?[0;39m ?[2m[    Test worker]?[0;39m ?[2m?[0;39m?[36mo.s.b.t.m.w.SpringBootMockServletContext?[0;39m ?[2m:?[0;39m Initializing Spring TestDispatcherServlet ''
?[2m2024-09-08T17:15:35.858+03:00?[0;39m ?[32m INFO?[0;39m ?[35m49743?[0;39m ?[2m---?[0;39m ?[2m[    Test worker]?[0;39m ?[2m?[0;39m?[36mo.s.t.web.servlet.TestDispatcherServlet ?[0;39m ?[2m:?[0;39m Initializing Servlet ''
?[2m2024-09-08T17:15:35.861+03:00?[0;39m ?[32m INFO?[0;39m ?[35m49743?[0;39m ?[2m---?[0;39m ?[2m[    Test worker]?[0;39m ?[2m?[0;39m?[36mo.s.t.web.servlet.TestDispatcherServlet ?[0;39m ?[2m:?[0;39m Completed initialization in 3 ms
Hibernate: insert into users (created_at,email,first_name,last_name,password_digest,updated_at,id) values (?,?,?,?,?,?,default)
Hibernate: update users set created_at=?,email=?,first_name=?,last_name=?,password_digest=?,updated_at=? where id=?
Hibernate: select count(*) from users u1_0 where u1_0.id=?
]]></system-out>
  <system-err><![CDATA[]]></system-err>
</testsuite>
