<?xml version="1.0" encoding="UTF-8"?>
<testsuite name="hexlet.code.controller.api.users.UsersControllerTests" tests="5" skipped="0" failures="0" errors="0" timestamp="2024-09-18T21:23:56" hostname="MacBook-Air-Dara.local" time="0.54">
  <properties/>
  <testcase name="testGetList()" classname="hexlet.code.controller.api.users.UsersControllerTests" time="0.042"/>
  <testcase name="testGetUser()" classname="hexlet.code.controller.api.users.UsersControllerTests" time="0.07"/>
  <testcase name="testDeleteUser()" classname="hexlet.code.controller.api.users.UsersControllerTests" time="0.028"/>
  <testcase name="testCreate()" classname="hexlet.code.controller.api.users.UsersControllerTests" time="0.351"/>
  <testcase name="testUpdate()" classname="hexlet.code.controller.api.users.UsersControllerTests" time="0.038"/>
  <system-out><![CDATA[?[2m2024-09-19T00:23:56.822+03:00?[0;39m ?[32m INFO?[0;39m ?[35m55302?[0;39m ?[2m---?[0;39m ?[2m[    Test worker]?[0;39m ?[2m?[0;39m?[36mt.c.s.AnnotationConfigContextLoaderUtils?[0;39m ?[2m:?[0;39m Could not detect default configuration classes for test class [hexlet.code.controller.api.users.UsersControllerTests]: UsersControllerTests does not declare any static, non-private, non-final, nested classes annotated with @Configuration.
?[2m2024-09-19T00:23:56.829+03:00?[0;39m ?[32m INFO?[0;39m ?[35m55302?[0;39m ?[2m---?[0;39m ?[2m[    Test worker]?[0;39m ?[2m?[0;39m?[36m.b.t.c.SpringBootTestContextBootstrapper?[0;39m ?[2m:?[0;39m Found @SpringBootConfiguration hexlet.code.AppApplication for test class hexlet.code.controller.api.users.UsersControllerTests
?[2m2024-09-19T00:23:56.843+03:00?[0;39m ?[32m INFO?[0;39m ?[35m55302?[0;39m ?[2m---?[0;39m ?[2m[    Test worker]?[0;39m ?[2m?[0;39m?[36mo.s.b.t.m.w.SpringBootMockServletContext?[0;39m ?[2m:?[0;39m Initializing Spring TestDispatcherServlet ''
?[2m2024-09-19T00:23:56.844+03:00?[0;39m ?[32m INFO?[0;39m ?[35m55302?[0;39m ?[2m---?[0;39m ?[2m[    Test worker]?[0;39m ?[2m?[0;39m?[36mo.s.t.web.servlet.TestDispatcherServlet ?[0;39m ?[2m:?[0;39m Initializing Servlet ''
?[2m2024-09-19T00:23:56.846+03:00?[0;39m ?[32m INFO?[0;39m ?[35m55302?[0;39m ?[2m---?[0;39m ?[2m[    Test worker]?[0;39m ?[2m?[0;39m?[36mo.s.t.web.servlet.TestDispatcherServlet ?[0;39m ?[2m:?[0;39m Completed initialization in 2 ms
Hibernate: insert into users (created_at,email,first_name,last_name,password_digest,updated_at,id) values (?,?,?,?,?,?,default)
Hibernate: select u1_0.id,u1_0.created_at,u1_0.email,u1_0.first_name,u1_0.last_name,u1_0.password_digest,u1_0.updated_at from users u1_0
Hibernate: select u1_0.id,u1_0.created_at,u1_0.email,u1_0.first_name,u1_0.last_name,u1_0.password_digest,u1_0.updated_at from users u1_0
?[2m2024-09-19T00:23:56.888+03:00?[0;39m ?[32m INFO?[0;39m ?[35m55302?[0;39m ?[2m---?[0;39m ?[2m[    Test worker]?[0;39m ?[2m?[0;39m?[36mo.s.b.t.m.w.SpringBootMockServletContext?[0;39m ?[2m:?[0;39m Initializing Spring TestDispatcherServlet ''
?[2m2024-09-19T00:23:56.888+03:00?[0;39m ?[32m INFO?[0;39m ?[35m55302?[0;39m ?[2m---?[0;39m ?[2m[    Test worker]?[0;39m ?[2m?[0;39m?[36mo.s.t.web.servlet.TestDispatcherServlet ?[0;39m ?[2m:?[0;39m Initializing Servlet ''
?[2m2024-09-19T00:23:56.891+03:00?[0;39m ?[32m INFO?[0;39m ?[35m55302?[0;39m ?[2m---?[0;39m ?[2m[    Test worker]?[0;39m ?[2m?[0;39m?[36mo.s.t.web.servlet.TestDispatcherServlet ?[0;39m ?[2m:?[0;39m Completed initialization in 3 ms
Hibernate: insert into users (created_at,email,first_name,last_name,password_digest,updated_at,id) values (?,?,?,?,?,?,default)
?[2m2024-09-19T00:23:56.959+03:00?[0;39m ?[32m INFO?[0;39m ?[35m55302?[0;39m ?[2m---?[0;39m ?[2m[    Test worker]?[0;39m ?[2m?[0;39m?[36mo.s.b.t.m.w.SpringBootMockServletContext?[0;39m ?[2m:?[0;39m Initializing Spring TestDispatcherServlet ''
?[2m2024-09-19T00:23:56.960+03:00?[0;39m ?[32m INFO?[0;39m ?[35m55302?[0;39m ?[2m---?[0;39m ?[2m[    Test worker]?[0;39m ?[2m?[0;39m?[36mo.s.t.web.servlet.TestDispatcherServlet ?[0;39m ?[2m:?[0;39m Initializing Servlet ''
?[2m2024-09-19T00:23:56.963+03:00?[0;39m ?[32m INFO?[0;39m ?[35m55302?[0;39m ?[2m---?[0;39m ?[2m[    Test worker]?[0;39m ?[2m?[0;39m?[36mo.s.t.web.servlet.TestDispatcherServlet ?[0;39m ?[2m:?[0;39m Completed initialization in 3 ms
Hibernate: insert into users (created_at,email,first_name,last_name,password_digest,updated_at,id) values (?,?,?,?,?,?,default)
?[2m2024-09-19T00:23:56.991+03:00?[0;39m ?[32m INFO?[0;39m ?[35m55302?[0;39m ?[2m---?[0;39m ?[2m[    Test worker]?[0;39m ?[2m?[0;39m?[36mo.s.b.t.m.w.SpringBootMockServletContext?[0;39m ?[2m:?[0;39m Initializing Spring TestDispatcherServlet ''
?[2m2024-09-19T00:23:56.991+03:00?[0;39m ?[32m INFO?[0;39m ?[35m55302?[0;39m ?[2m---?[0;39m ?[2m[    Test worker]?[0;39m ?[2m?[0;39m?[36mo.s.t.web.servlet.TestDispatcherServlet ?[0;39m ?[2m:?[0;39m Initializing Servlet ''
?[2m2024-09-19T00:23:56.999+03:00?[0;39m ?[32m INFO?[0;39m ?[35m55302?[0;39m ?[2m---?[0;39m ?[2m[    Test worker]?[0;39m ?[2m?[0;39m?[36mo.s.t.web.servlet.TestDispatcherServlet ?[0;39m ?[2m:?[0;39m Completed initialization in 8 ms
Hibernate: insert into users (created_at,email,first_name,last_name,password_digest,updated_at,id) values (?,?,?,?,?,?,default)
Hibernate: insert into users (created_at,email,first_name,last_name,password_digest,updated_at,id) values (?,?,?,?,?,?,default)
?[2m2024-09-19T00:23:57.343+03:00?[0;39m ?[32m INFO?[0;39m ?[35m55302?[0;39m ?[2m---?[0;39m ?[2m[    Test worker]?[0;39m ?[2m?[0;39m?[36mo.s.b.t.m.w.SpringBootMockServletContext?[0;39m ?[2m:?[0;39m Initializing Spring TestDispatcherServlet ''
?[2m2024-09-19T00:23:57.343+03:00?[0;39m ?[32m INFO?[0;39m ?[35m55302?[0;39m ?[2m---?[0;39m ?[2m[    Test worker]?[0;39m ?[2m?[0;39m?[36mo.s.t.web.servlet.TestDispatcherServlet ?[0;39m ?[2m:?[0;39m Initializing Servlet ''
?[2m2024-09-19T00:23:57.345+03:00?[0;39m ?[32m INFO?[0;39m ?[35m55302?[0;39m ?[2m---?[0;39m ?[2m[    Test worker]?[0;39m ?[2m?[0;39m?[36mo.s.t.web.servlet.TestDispatcherServlet ?[0;39m ?[2m:?[0;39m Completed initialization in 2 ms
Hibernate: insert into users (created_at,email,first_name,last_name,password_digest,updated_at,id) values (?,?,?,?,?,?,default)
]]></system-out>
  <system-err><![CDATA[]]></system-err>
</testsuite>
