<?xml version="1.0" encoding="UTF-8"?>
<testsuite name="hexlet.code.AppApplicationTests" tests="1" skipped="0" failures="0" errors="0" timestamp="2024-09-05T20:44:20" hostname="MacBook-Air-Dara.local" time="1.754">
  <properties/>
  <testcase name="contextLoads()" classname="hexlet.code.AppApplicationTests" time="1.754"/>
  <system-out><![CDATA[23:43:56.468 [Test worker] INFO org.springframework.test.context.support.AnnotationConfigContextLoaderUtils -- Could not detect default configuration classes for test class [hexlet.code.AppApplicationTests]: AppApplicationTests does not declare any static, non-private, non-final, nested classes annotated with @Configuration.
23:43:57.198 [Test worker] INFO org.springframework.boot.test.context.SpringBootTestContextBootstrapper -- Found @SpringBootConfiguration hexlet.code.AppApplication for test class hexlet.code.AppApplicationTests
23:43:58.340 [Test worker] INFO org.springframework.boot.devtools.restart.RestartApplicationListener -- Restart disabled due to context in which it is running

  .   ____          _            __ _ _
 /\\ / ___'_ __ _ _(_)_ __  __ _ \ \ \ \
( ( )\___ | '_ | '_| | '_ \/ _` | \ \ \ \
 \\/  ___)| |_)| | | | | || (_| |  ) ) ) )
  '  |____| .__|_| |_|_| |_\__, | / / / /
 =========|_|==============|___/=/_/_/_/

?[32m :: Spring Boot :: ?[39m              ?[2m (v3.3.3)?[0;39m

?[2m2024-09-05T23:44:00.006+03:00?[0;39m ?[32m INFO?[0;39m ?[35m16065?[0;39m ?[2m---?[0;39m ?[2m[    Test worker]?[0;39m ?[2m?[0;39m?[36mhexlet.code.AppApplicationTests         ?[0;39m ?[2m:?[0;39m Starting AppApplicationTests using Java 21.0.2 with PID 16065 (started by dariakarpova in /Users/dariakarpova/Desktop/java/java-project-99)
?[2m2024-09-05T23:44:00.011+03:00?[0;39m ?[32m INFO?[0;39m ?[35m16065?[0;39m ?[2m---?[0;39m ?[2m[    Test worker]?[0;39m ?[2m?[0;39m?[36mhexlet.code.AppApplicationTests         ?[0;39m ?[2m:?[0;39m The following 1 profile is active: "${SPRING_PROFILES_ACTIVE}"
?[2m2024-09-05T23:44:03.611+03:00?[0;39m ?[32m INFO?[0;39m ?[35m16065?[0;39m ?[2m---?[0;39m ?[2m[    Test worker]?[0;39m ?[2m?[0;39m?[36m.s.d.r.c.RepositoryConfigurationDelegate?[0;39m ?[2m:?[0;39m Bootstrapping Spring Data JPA repositories in DEFAULT mode.
?[2m2024-09-05T23:44:03.839+03:00?[0;39m ?[32m INFO?[0;39m ?[35m16065?[0;39m ?[2m---?[0;39m ?[2m[    Test worker]?[0;39m ?[2m?[0;39m?[36m.s.d.r.c.RepositoryConfigurationDelegate?[0;39m ?[2m:?[0;39m Finished Spring Data repository scanning in 197 ms. Found 1 JPA repository interface.
?[2m2024-09-05T23:44:07.061+03:00?[0;39m ?[32m INFO?[0;39m ?[35m16065?[0;39m ?[2m---?[0;39m ?[2m[    Test worker]?[0;39m ?[2m?[0;39m?[36mo.hibernate.jpa.internal.util.LogHelper ?[0;39m ?[2m:?[0;39m HHH000204: Processing PersistenceUnitInfo [name: default]
?[2m2024-09-05T23:44:07.243+03:00?[0;39m ?[32m INFO?[0;39m ?[35m16065?[0;39m ?[2m---?[0;39m ?[2m[    Test worker]?[0;39m ?[2m?[0;39m?[36morg.hibernate.Version                   ?[0;39m ?[2m:?[0;39m HHH000412: Hibernate ORM core version 6.5.2.Final
?[2m2024-09-05T23:44:07.376+03:00?[0;39m ?[32m INFO?[0;39m ?[35m16065?[0;39m ?[2m---?[0;39m ?[2m[    Test worker]?[0;39m ?[2m?[0;39m?[36mo.h.c.internal.RegionFactoryInitiator   ?[0;39m ?[2m:?[0;39m HHH000026: Second-level cache disabled
?[2m2024-09-05T23:44:09.081+03:00?[0;39m ?[32m INFO?[0;39m ?[35m16065?[0;39m ?[2m---?[0;39m ?[2m[    Test worker]?[0;39m ?[2m?[0;39m?[36mo.s.o.j.p.SpringPersistenceUnitInfo     ?[0;39m ?[2m:?[0;39m No LoadTimeWeaver setup: ignoring JPA class transformer
?[2m2024-09-05T23:44:09.332+03:00?[0;39m ?[32m INFO?[0;39m ?[35m16065?[0;39m ?[2m---?[0;39m ?[2m[    Test worker]?[0;39m ?[2m?[0;39m?[36mcom.zaxxer.hikari.HikariDataSource      ?[0;39m ?[2m:?[0;39m HikariPool-1 - Starting...
?[2m2024-09-05T23:44:12.813+03:00?[0;39m ?[32m INFO?[0;39m ?[35m16065?[0;39m ?[2m---?[0;39m ?[2m[    Test worker]?[0;39m ?[2m?[0;39m?[36mcom.zaxxer.hikari.pool.HikariPool       ?[0;39m ?[2m:?[0;39m HikariPool-1 - Added connection conn0: url=jdbc:h2:mem:e0e99ef3-dad8-49af-8358-70bd3ff91e02 user=SA
?[2m2024-09-05T23:44:12.826+03:00?[0;39m ?[32m INFO?[0;39m ?[35m16065?[0;39m ?[2m---?[0;39m ?[2m[    Test worker]?[0;39m ?[2m?[0;39m?[36mcom.zaxxer.hikari.HikariDataSource      ?[0;39m ?[2m:?[0;39m HikariPool-1 - Start completed.
?[2m2024-09-05T23:44:16.214+03:00?[0;39m ?[32m INFO?[0;39m ?[35m16065?[0;39m ?[2m---?[0;39m ?[2m[    Test worker]?[0;39m ?[2m?[0;39m?[36mo.h.e.t.j.p.i.JtaPlatformInitiator      ?[0;39m ?[2m:?[0;39m HHH000489: No JTA platform available (set 'hibernate.transaction.jta.platform' to enable JTA platform integration)
Hibernate: create table users (id bigint generated by default as identity, created_at date, email varchar(255) not null, first_name varchar(255), last_name varchar(255), password varchar(255) not null, updated_at date, primary key (id))
?[2m2024-09-05T23:44:16.467+03:00?[0;39m ?[32m INFO?[0;39m ?[35m16065?[0;39m ?[2m---?[0;39m ?[2m[    Test worker]?[0;39m ?[2m?[0;39m?[36mj.LocalContainerEntityManagerFactoryBean?[0;39m ?[2m:?[0;39m Initialized JPA EntityManagerFactory for persistence unit 'default'
?[2m2024-09-05T23:44:17.890+03:00?[0;39m ?[33m WARN?[0;39m ?[35m16065?[0;39m ?[2m---?[0;39m ?[2m[    Test worker]?[0;39m ?[2m?[0;39m?[36mJpaBaseConfiguration$JpaWebConfiguration?[0;39m ?[2m:?[0;39m spring.jpa.open-in-view is enabled by default. Therefore, database queries may be performed during view rendering. Explicitly configure spring.jpa.open-in-view to disable this warning
?[2m2024-09-05T23:44:20.103+03:00?[0;39m ?[32m INFO?[0;39m ?[35m16065?[0;39m ?[2m---?[0;39m ?[2m[    Test worker]?[0;39m ?[2m?[0;39m?[36mhexlet.code.AppApplicationTests         ?[0;39m ?[2m:?[0;39m Started AppApplicationTests in 21.786 seconds (process running for 30.817)
]]></system-out>
  <system-err><![CDATA[WARNING: A Java agent has been loaded dynamically (/Users/dariakarpova/.gradle/caches/modules-2/files-2.1/net.bytebuddy/byte-buddy-agent/1.14.19/154da3a65b4f4a909d3e5bdec55d1b2b4cbb6ce1/byte-buddy-agent-1.14.19.jar)
WARNING: If a serviceability tool is in use, please run with -XX:+EnableDynamicAgentLoading to hide this warning
WARNING: If a serviceability tool is not in use, please run with -Djdk.instrument.traceUsage for more information
WARNING: Dynamic loading of agents will be disallowed by default in a future release
]]></system-err>
</testsuite>
