<?xml version="1.0" encoding="UTF-8"?>
<testsuite name="hexlet.code.controller.api.users.UsersControllerTests" tests="5" skipped="0" failures="0" errors="0" timestamp="2024-09-22T18:00:54" hostname="MacBook-Air-Dara.local" time="0.376">
  <properties/>
  <testcase name="testGetList()" classname="hexlet.code.controller.api.users.UsersControllerTests" time="0.036"/>
  <testcase name="testGetUser()" classname="hexlet.code.controller.api.users.UsersControllerTests" time="0.03"/>
  <testcase name="testDeleteUser()" classname="hexlet.code.controller.api.users.UsersControllerTests" time="0.061"/>
  <testcase name="testCreate()" classname="hexlet.code.controller.api.users.UsersControllerTests" time="0.202"/>
  <testcase name="testUpdate()" classname="hexlet.code.controller.api.users.UsersControllerTests" time="0.039"/>
  <system-out><![CDATA[?[2m2024-09-22T21:00:54.261+03:00?[0;39m ?[32m INFO?[0;39m ?[35m41906?[0;39m ?[2m---?[0;39m ?[2m[    Test worker]?[0;39m ?[2m?[0;39m?[36mt.c.s.AnnotationConfigContextLoaderUtils?[0;39m ?[2m:?[0;39m Could not detect default configuration classes for test class [hexlet.code.controller.api.users.UsersControllerTests]: UsersControllerTests does not declare any static, non-private, non-final, nested classes annotated with @Configuration.
?[2m2024-09-22T21:00:54.266+03:00?[0;39m ?[32m INFO?[0;39m ?[35m41906?[0;39m ?[2m---?[0;39m ?[2m[    Test worker]?[0;39m ?[2m?[0;39m?[36m.b.t.c.SpringBootTestContextBootstrapper?[0;39m ?[2m:?[0;39m Found @SpringBootConfiguration hexlet.code.AppApplication for test class hexlet.code.controller.api.users.UsersControllerTests
?[2m2024-09-22T21:00:54.276+03:00?[0;39m ?[32m INFO?[0;39m ?[35m41906?[0;39m ?[2m---?[0;39m ?[2m[    Test worker]?[0;39m ?[2m?[0;39m?[36mo.s.b.t.m.w.SpringBootMockServletContext?[0;39m ?[2m:?[0;39m Initializing Spring TestDispatcherServlet ''
?[2m2024-09-22T21:00:54.277+03:00?[0;39m ?[32m INFO?[0;39m ?[35m41906?[0;39m ?[2m---?[0;39m ?[2m[    Test worker]?[0;39m ?[2m?[0;39m?[36mo.s.t.web.servlet.TestDispatcherServlet ?[0;39m ?[2m:?[0;39m Initializing Servlet ''
?[2m2024-09-22T21:00:54.280+03:00?[0;39m ?[32m INFO?[0;39m ?[35m41906?[0;39m ?[2m---?[0;39m ?[2m[    Test worker]?[0;39m ?[2m?[0;39m?[36mo.s.t.web.servlet.TestDispatcherServlet ?[0;39m ?[2m:?[0;39m Completed initialization in 2 ms
Hibernate: insert into users (created_at,email,first_name,last_name,password_digest,updated_at,id) values (?,?,?,?,?,?,default)
Hibernate: select u1_0.id,u1_0.created_at,u1_0.email,u1_0.first_name,u1_0.last_name,u1_0.password_digest,u1_0.updated_at from users u1_0
Hibernate: select u1_0.id,u1_0.created_at,u1_0.email,u1_0.first_name,u1_0.last_name,u1_0.password_digest,u1_0.updated_at from users u1_0
?[2m2024-09-22T21:00:54.316+03:00?[0;39m ?[32m INFO?[0;39m ?[35m41906?[0;39m ?[2m---?[0;39m ?[2m[    Test worker]?[0;39m ?[2m?[0;39m?[36mo.s.b.t.m.w.SpringBootMockServletContext?[0;39m ?[2m:?[0;39m Initializing Spring TestDispatcherServlet ''
?[2m2024-09-22T21:00:54.316+03:00?[0;39m ?[32m INFO?[0;39m ?[35m41906?[0;39m ?[2m---?[0;39m ?[2m[    Test worker]?[0;39m ?[2m?[0;39m?[36mo.s.t.web.servlet.TestDispatcherServlet ?[0;39m ?[2m:?[0;39m Initializing Servlet ''
?[2m2024-09-22T21:00:54.319+03:00?[0;39m ?[32m INFO?[0;39m ?[35m41906?[0;39m ?[2m---?[0;39m ?[2m[    Test worker]?[0;39m ?[2m?[0;39m?[36mo.s.t.web.servlet.TestDispatcherServlet ?[0;39m ?[2m:?[0;39m Completed initialization in 2 ms
Hibernate: insert into users (created_at,email,first_name,last_name,password_digest,updated_at,id) values (?,?,?,?,?,?,default)
?[2m2024-09-22T21:00:54.347+03:00?[0;39m ?[32m INFO?[0;39m ?[35m41906?[0;39m ?[2m---?[0;39m ?[2m[    Test worker]?[0;39m ?[2m?[0;39m?[36mo.s.b.t.m.w.SpringBootMockServletContext?[0;39m ?[2m:?[0;39m Initializing Spring TestDispatcherServlet ''
?[2m2024-09-22T21:00:54.347+03:00?[0;39m ?[32m INFO?[0;39m ?[35m41906?[0;39m ?[2m---?[0;39m ?[2m[    Test worker]?[0;39m ?[2m?[0;39m?[36mo.s.t.web.servlet.TestDispatcherServlet ?[0;39m ?[2m:?[0;39m Initializing Servlet ''
?[2m2024-09-22T21:00:54.350+03:00?[0;39m ?[32m INFO?[0;39m ?[35m41906?[0;39m ?[2m---?[0;39m ?[2m[    Test worker]?[0;39m ?[2m?[0;39m?[36mo.s.t.web.servlet.TestDispatcherServlet ?[0;39m ?[2m:?[0;39m Completed initialization in 2 ms
Hibernate: insert into users (created_at,email,first_name,last_name,password_digest,updated_at,id) values (?,?,?,?,?,?,default)
Hibernate: select u1_0.id,u1_0.created_at,u1_0.email,u1_0.first_name,u1_0.last_name,u1_0.password_digest,u1_0.updated_at from users u1_0 where u1_0.email=?
?[2m2024-09-22T21:00:54.411+03:00?[0;39m ?[32m INFO?[0;39m ?[35m41906?[0;39m ?[2m---?[0;39m ?[2m[    Test worker]?[0;39m ?[2m?[0;39m?[36mo.s.b.t.m.w.SpringBootMockServletContext?[0;39m ?[2m:?[0;39m Initializing Spring TestDispatcherServlet ''
?[2m2024-09-22T21:00:54.411+03:00?[0;39m ?[32m INFO?[0;39m ?[35m41906?[0;39m ?[2m---?[0;39m ?[2m[    Test worker]?[0;39m ?[2m?[0;39m?[36mo.s.t.web.servlet.TestDispatcherServlet ?[0;39m ?[2m:?[0;39m Initializing Servlet ''
?[2m2024-09-22T21:00:54.413+03:00?[0;39m ?[32m INFO?[0;39m ?[35m41906?[0;39m ?[2m---?[0;39m ?[2m[    Test worker]?[0;39m ?[2m?[0;39m?[36mo.s.t.web.servlet.TestDispatcherServlet ?[0;39m ?[2m:?[0;39m Completed initialization in 2 ms
Hibernate: insert into users (created_at,email,first_name,last_name,password_digest,updated_at,id) values (?,?,?,?,?,?,default)
Hibernate: insert into users (created_at,email,first_name,last_name,password_digest,updated_at,id) values (?,?,?,?,?,?,default)
?[2m2024-09-22T21:00:54.613+03:00?[0;39m ?[32m INFO?[0;39m ?[35m41906?[0;39m ?[2m---?[0;39m ?[2m[    Test worker]?[0;39m ?[2m?[0;39m?[36mo.s.b.t.m.w.SpringBootMockServletContext?[0;39m ?[2m:?[0;39m Initializing Spring TestDispatcherServlet ''
?[2m2024-09-22T21:00:54.614+03:00?[0;39m ?[32m INFO?[0;39m ?[35m41906?[0;39m ?[2m---?[0;39m ?[2m[    Test worker]?[0;39m ?[2m?[0;39m?[36mo.s.t.web.servlet.TestDispatcherServlet ?[0;39m ?[2m:?[0;39m Initializing Servlet ''
?[2m2024-09-22T21:00:54.617+03:00?[0;39m ?[32m INFO?[0;39m ?[35m41906?[0;39m ?[2m---?[0;39m ?[2m[    Test worker]?[0;39m ?[2m?[0;39m?[36mo.s.t.web.servlet.TestDispatcherServlet ?[0;39m ?[2m:?[0;39m Completed initialization in 3 ms
Hibernate: insert into users (created_at,email,first_name,last_name,password_digest,updated_at,id) values (?,?,?,?,?,?,default)
Hibernate: select u1_0.id,u1_0.created_at,u1_0.email,u1_0.first_name,u1_0.last_name,u1_0.password_digest,u1_0.updated_at from users u1_0 where u1_0.email=?
]]></system-out>
  <system-err><![CDATA[]]></system-err>
</testsuite>
