<?xml version="1.0" encoding="UTF-8"?>
<testsuite name="hexlet.code.controller.api.users.LabelControllerTests" tests="5" skipped="0" failures="0" errors="0" timestamp="2024-09-22T18:00:52" hostname="MacBook-Air-Dara.local" time="1.229">
  <properties/>
  <testcase name="deleteLabel()" classname="hexlet.code.controller.api.users.LabelControllerTests" time="0.812"/>
  <testcase name="updateLabel()" classname="hexlet.code.controller.api.users.LabelControllerTests" time="0.097"/>
  <testcase name="createLabel()" classname="hexlet.code.controller.api.users.LabelControllerTests" time="0.058"/>
  <testcase name="getListLabels()" classname="hexlet.code.controller.api.users.LabelControllerTests" time="0.183"/>
  <testcase name="getLabel()" classname="hexlet.code.controller.api.users.LabelControllerTests" time="0.066"/>
  <system-out><![CDATA[?[2m2024-09-22T21:00:51.993+03:00?[0;39m ?[32m INFO?[0;39m ?[35m41906?[0;39m ?[2m---?[0;39m ?[2m[    Test worker]?[0;39m ?[2m?[0;39m?[36mt.c.s.AnnotationConfigContextLoaderUtils?[0;39m ?[2m:?[0;39m Could not detect default configuration classes for test class [hexlet.code.controller.api.users.LabelControllerTests]: LabelControllerTests does not declare any static, non-private, non-final, nested classes annotated with @Configuration.
?[2m2024-09-22T21:00:52.001+03:00?[0;39m ?[32m INFO?[0;39m ?[35m41906?[0;39m ?[2m---?[0;39m ?[2m[    Test worker]?[0;39m ?[2m?[0;39m?[36m.b.t.c.SpringBootTestContextBootstrapper?[0;39m ?[2m:?[0;39m Found @SpringBootConfiguration hexlet.code.AppApplication for test class hexlet.code.controller.api.users.LabelControllerTests
?[2m2024-09-22T21:00:52.038+03:00?[0;39m ?[32m INFO?[0;39m ?[35m41906?[0;39m ?[2m---?[0;39m ?[2m[    Test worker]?[0;39m ?[2m?[0;39m?[36mo.s.b.t.m.w.SpringBootMockServletContext?[0;39m ?[2m:?[0;39m Initializing Spring TestDispatcherServlet ''
?[2m2024-09-22T21:00:52.038+03:00?[0;39m ?[32m INFO?[0;39m ?[35m41906?[0;39m ?[2m---?[0;39m ?[2m[    Test worker]?[0;39m ?[2m?[0;39m?[36mo.s.t.web.servlet.TestDispatcherServlet ?[0;39m ?[2m:?[0;39m Initializing Servlet ''
?[2m2024-09-22T21:00:52.041+03:00?[0;39m ?[32m INFO?[0;39m ?[35m41906?[0;39m ?[2m---?[0;39m ?[2m[    Test worker]?[0;39m ?[2m?[0;39m?[36mo.s.t.web.servlet.TestDispatcherServlet ?[0;39m ?[2m:?[0;39m Completed initialization in 2 ms
Hibernate: select l1_0.id from labels l1_0 where l1_0.name=? fetch first ? rows only
Hibernate: insert into labels (created_at,name,id) values (?,?,default)
?[2m2024-09-22T21:00:52.832+03:00?[0;39m ?[32m INFO?[0;39m ?[35m41906?[0;39m ?[2m---?[0;39m ?[2m[    Test worker]?[0;39m ?[2m?[0;39m?[36mo.s.b.t.m.w.SpringBootMockServletContext?[0;39m ?[2m:?[0;39m Initializing Spring TestDispatcherServlet ''
?[2m2024-09-22T21:00:52.833+03:00?[0;39m ?[32m INFO?[0;39m ?[35m41906?[0;39m ?[2m---?[0;39m ?[2m[    Test worker]?[0;39m ?[2m?[0;39m?[36mo.s.t.web.servlet.TestDispatcherServlet ?[0;39m ?[2m:?[0;39m Initializing Servlet ''
?[2m2024-09-22T21:00:52.835+03:00?[0;39m ?[32m INFO?[0;39m ?[35m41906?[0;39m ?[2m---?[0;39m ?[2m[    Test worker]?[0;39m ?[2m?[0;39m?[36mo.s.t.web.servlet.TestDispatcherServlet ?[0;39m ?[2m:?[0;39m Completed initialization in 2 ms
Hibernate: select l1_0.id from labels l1_0 where l1_0.name=? fetch first ? rows only
Hibernate: insert into labels (created_at,name,id) values (?,?,default)
?[2m2024-09-22T21:00:52.934+03:00?[0;39m ?[32m INFO?[0;39m ?[35m41906?[0;39m ?[2m---?[0;39m ?[2m[    Test worker]?[0;39m ?[2m?[0;39m?[36mo.s.b.t.m.w.SpringBootMockServletContext?[0;39m ?[2m:?[0;39m Initializing Spring TestDispatcherServlet ''
?[2m2024-09-22T21:00:52.934+03:00?[0;39m ?[32m INFO?[0;39m ?[35m41906?[0;39m ?[2m---?[0;39m ?[2m[    Test worker]?[0;39m ?[2m?[0;39m?[36mo.s.t.web.servlet.TestDispatcherServlet ?[0;39m ?[2m:?[0;39m Initializing Servlet ''
?[2m2024-09-22T21:00:52.939+03:00?[0;39m ?[32m INFO?[0;39m ?[35m41906?[0;39m ?[2m---?[0;39m ?[2m[    Test worker]?[0;39m ?[2m?[0;39m?[36mo.s.t.web.servlet.TestDispatcherServlet ?[0;39m ?[2m:?[0;39m Completed initialization in 4 ms
Hibernate: select l1_0.id from labels l1_0 where l1_0.name=? fetch first ? rows only
Hibernate: insert into labels (created_at,name,id) values (?,?,default)
Hibernate: insert into labels (created_at,name,id) values (?,?,default)
Hibernate: select l1_0.id,l1_0.created_at,l1_0.name from labels l1_0 where l1_0.name=?
?[2m2024-09-22T21:00:52.996+03:00?[0;39m ?[32m INFO?[0;39m ?[35m41906?[0;39m ?[2m---?[0;39m ?[2m[    Test worker]?[0;39m ?[2m?[0;39m?[36mo.s.b.t.m.w.SpringBootMockServletContext?[0;39m ?[2m:?[0;39m Initializing Spring TestDispatcherServlet ''
?[2m2024-09-22T21:00:52.997+03:00?[0;39m ?[32m INFO?[0;39m ?[35m41906?[0;39m ?[2m---?[0;39m ?[2m[    Test worker]?[0;39m ?[2m?[0;39m?[36mo.s.t.web.servlet.TestDispatcherServlet ?[0;39m ?[2m:?[0;39m Initializing Servlet ''
?[2m2024-09-22T21:00:53.001+03:00?[0;39m ?[32m INFO?[0;39m ?[35m41906?[0;39m ?[2m---?[0;39m ?[2m[    Test worker]?[0;39m ?[2m?[0;39m?[36mo.s.t.web.servlet.TestDispatcherServlet ?[0;39m ?[2m:?[0;39m Completed initialization in 3 ms
Hibernate: select l1_0.id from labels l1_0 where l1_0.name=? fetch first ? rows only
Hibernate: insert into labels (created_at,name,id) values (?,?,default)
Hibernate: select l1_0.id,l1_0.created_at,l1_0.name from labels l1_0
Hibernate: select l1_0.id,l1_0.created_at,l1_0.name from labels l1_0
?[2m2024-09-22T21:00:53.179+03:00?[0;39m ?[32m INFO?[0;39m ?[35m41906?[0;39m ?[2m---?[0;39m ?[2m[    Test worker]?[0;39m ?[2m?[0;39m?[36mo.s.b.t.m.w.SpringBootMockServletContext?[0;39m ?[2m:?[0;39m Initializing Spring TestDispatcherServlet ''
?[2m2024-09-22T21:00:53.180+03:00?[0;39m ?[32m INFO?[0;39m ?[35m41906?[0;39m ?[2m---?[0;39m ?[2m[    Test worker]?[0;39m ?[2m?[0;39m?[36mo.s.t.web.servlet.TestDispatcherServlet ?[0;39m ?[2m:?[0;39m Initializing Servlet ''
?[2m2024-09-22T21:00:53.182+03:00?[0;39m ?[32m INFO?[0;39m ?[35m41906?[0;39m ?[2m---?[0;39m ?[2m[    Test worker]?[0;39m ?[2m?[0;39m?[36mo.s.t.web.servlet.TestDispatcherServlet ?[0;39m ?[2m:?[0;39m Completed initialization in 2 ms
Hibernate: select l1_0.id from labels l1_0 where l1_0.name=? fetch first ? rows only
Hibernate: insert into labels (created_at,name,id) values (?,?,default)
]]></system-out>
  <system-err><![CDATA[]]></system-err>
</testsuite>
