<?xml version="1.0" encoding="UTF-8"?>
<testsuite name="hexlet.code.controller.api.users.TaskControllerTests" tests="10" skipped="0" failures="0" errors="0" timestamp="2024-09-20T19:02:18" hostname="MacBook-Air-Dara.local" time="0.736">
  <properties/>
  <testcase name="getListTask()" classname="hexlet.code.controller.api.users.TaskControllerTests" time="0.179"/>
  <testcase name="getListTasksWithLabelId()" classname="hexlet.code.controller.api.users.TaskControllerTests" time="0.058"/>
  <testcase name="getListTasksWithTitleCont()" classname="hexlet.code.controller.api.users.TaskControllerTests" time="0.073"/>
  <testcase name="updateTask()" classname="hexlet.code.controller.api.users.TaskControllerTests" time="0.086"/>
  <testcase name="getTask()" classname="hexlet.code.controller.api.users.TaskControllerTests" time="0.052"/>
  <testcase name="getListTasksWithAssigneeId()" classname="hexlet.code.controller.api.users.TaskControllerTests" time="0.057"/>
  <testcase name="getListTaskWithStatus()" classname="hexlet.code.controller.api.users.TaskControllerTests" time="0.06"/>
  <testcase name="createTask()" classname="hexlet.code.controller.api.users.TaskControllerTests" time="0.06"/>
  <testcase name="deleteTask()" classname="hexlet.code.controller.api.users.TaskControllerTests" time="0.038"/>
  <testcase name="getListTasksWithParams()" classname="hexlet.code.controller.api.users.TaskControllerTests" time="0.044"/>
  <system-out><![CDATA[?[2m2024-09-20T22:02:18.204+03:00?[0;39m ?[32m INFO?[0;39m ?[35m14300?[0;39m ?[2m---?[0;39m ?[2m[    Test worker]?[0;39m ?[2m?[0;39m?[36mt.c.s.AnnotationConfigContextLoaderUtils?[0;39m ?[2m:?[0;39m Could not detect default configuration classes for test class [hexlet.code.controller.api.users.TaskControllerTests]: TaskControllerTests does not declare any static, non-private, non-final, nested classes annotated with @Configuration.
?[2m2024-09-20T22:02:18.210+03:00?[0;39m ?[32m INFO?[0;39m ?[35m14300?[0;39m ?[2m---?[0;39m ?[2m[    Test worker]?[0;39m ?[2m?[0;39m?[36m.b.t.c.SpringBootTestContextBootstrapper?[0;39m ?[2m:?[0;39m Found @SpringBootConfiguration hexlet.code.AppApplication for test class hexlet.code.controller.api.users.TaskControllerTests
?[2m2024-09-20T22:02:18.222+03:00?[0;39m ?[32m INFO?[0;39m ?[35m14300?[0;39m ?[2m---?[0;39m ?[2m[    Test worker]?[0;39m ?[2m?[0;39m?[36mo.s.b.t.m.w.SpringBootMockServletContext?[0;39m ?[2m:?[0;39m Initializing Spring TestDispatcherServlet ''
?[2m2024-09-20T22:02:18.223+03:00?[0;39m ?[32m INFO?[0;39m ?[35m14300?[0;39m ?[2m---?[0;39m ?[2m[    Test worker]?[0;39m ?[2m?[0;39m?[36mo.s.t.web.servlet.TestDispatcherServlet ?[0;39m ?[2m:?[0;39m Initializing Servlet ''
?[2m2024-09-20T22:02:18.224+03:00?[0;39m ?[32m INFO?[0;39m ?[35m14300?[0;39m ?[2m---?[0;39m ?[2m[    Test worker]?[0;39m ?[2m?[0;39m?[36mo.s.t.web.servlet.TestDispatcherServlet ?[0;39m ?[2m:?[0;39m Completed initialization in 1 ms
Hibernate: select ts1_0.id from task_statuses ts1_0 where ts1_0.slug=? fetch first ? rows only
Hibernate: insert into users (created_at,email,first_name,last_name,password_digest,updated_at,id) values (?,?,?,?,?,?,default)
Hibernate: insert into task_statuses (created_at,name,slug,id) values (?,?,?,default)
Hibernate: insert into tasks (assignee_id,created_at,description,index,name,task_status,id) values (?,?,?,?,?,?,default)
Hibernate: insert into tasks (assignee_id,created_at,description,index,name,task_status,id) values (?,?,?,?,?,?,default)
Hibernate: select t1_0.id,t1_0.assignee_id,t1_0.created_at,t1_0.description,t1_0.index,t1_0.name,t1_0.task_status from tasks t1_0 where 1=1 and 1=1 and 1=1 and 1=1 offset ? rows fetch first ? rows only
?[2m2024-09-20T22:02:18.404+03:00?[0;39m ?[32m INFO?[0;39m ?[35m14300?[0;39m ?[2m---?[0;39m ?[2m[    Test worker]?[0;39m ?[2m?[0;39m?[36mo.s.b.t.m.w.SpringBootMockServletContext?[0;39m ?[2m:?[0;39m Initializing Spring TestDispatcherServlet ''
?[2m2024-09-20T22:02:18.405+03:00?[0;39m ?[32m INFO?[0;39m ?[35m14300?[0;39m ?[2m---?[0;39m ?[2m[    Test worker]?[0;39m ?[2m?[0;39m?[36mo.s.t.web.servlet.TestDispatcherServlet ?[0;39m ?[2m:?[0;39m Initializing Servlet ''
?[2m2024-09-20T22:02:18.407+03:00?[0;39m ?[32m INFO?[0;39m ?[35m14300?[0;39m ?[2m---?[0;39m ?[2m[    Test worker]?[0;39m ?[2m?[0;39m?[36mo.s.t.web.servlet.TestDispatcherServlet ?[0;39m ?[2m:?[0;39m Completed initialization in 2 ms
Hibernate: select ts1_0.id from task_statuses ts1_0 where ts1_0.slug=? fetch first ? rows only
Hibernate: insert into users (created_at,email,first_name,last_name,password_digest,updated_at,id) values (?,?,?,?,?,?,default)
Hibernate: insert into task_statuses (created_at,name,slug,id) values (?,?,?,default)
Hibernate: insert into tasks (assignee_id,created_at,description,index,name,task_status,id) values (?,?,?,?,?,?,default)
Hibernate: select t1_0.id,t1_0.assignee_id,t1_0.created_at,t1_0.description,t1_0.index,t1_0.name,t1_0.task_status from tasks t1_0 join tasks_labels l1_0 on t1_0.id=l1_0.tasks_id where 1=1 and 1=1 and 1=1 and l1_0.labels_id=? offset ? rows fetch first ? rows only
?[2m2024-09-20T22:02:18.465+03:00?[0;39m ?[32m INFO?[0;39m ?[35m14300?[0;39m ?[2m---?[0;39m ?[2m[    Test worker]?[0;39m ?[2m?[0;39m?[36mo.s.b.t.m.w.SpringBootMockServletContext?[0;39m ?[2m:?[0;39m Initializing Spring TestDispatcherServlet ''
?[2m2024-09-20T22:02:18.466+03:00?[0;39m ?[32m INFO?[0;39m ?[35m14300?[0;39m ?[2m---?[0;39m ?[2m[    Test worker]?[0;39m ?[2m?[0;39m?[36mo.s.t.web.servlet.TestDispatcherServlet ?[0;39m ?[2m:?[0;39m Initializing Servlet ''
?[2m2024-09-20T22:02:18.469+03:00?[0;39m ?[32m INFO?[0;39m ?[35m14300?[0;39m ?[2m---?[0;39m ?[2m[    Test worker]?[0;39m ?[2m?[0;39m?[36mo.s.t.web.servlet.TestDispatcherServlet ?[0;39m ?[2m:?[0;39m Completed initialization in 3 ms
Hibernate: select ts1_0.id from task_statuses ts1_0 where ts1_0.slug=? fetch first ? rows only
Hibernate: insert into users (created_at,email,first_name,last_name,password_digest,updated_at,id) values (?,?,?,?,?,?,default)
Hibernate: insert into task_statuses (created_at,name,slug,id) values (?,?,?,default)
Hibernate: insert into tasks (assignee_id,created_at,description,index,name,task_status,id) values (?,?,?,?,?,?,default)
Hibernate: select t1_0.id,t1_0.assignee_id,t1_0.created_at,t1_0.description,t1_0.index,t1_0.name,t1_0.task_status from tasks t1_0 where lower(t1_0.name) like ? escape '' and 1=1 and 1=1 and 1=1 offset ? rows fetch first ? rows only
?[2m2024-09-20T22:02:18.541+03:00?[0;39m ?[32m INFO?[0;39m ?[35m14300?[0;39m ?[2m---?[0;39m ?[2m[    Test worker]?[0;39m ?[2m?[0;39m?[36mo.s.b.t.m.w.SpringBootMockServletContext?[0;39m ?[2m:?[0;39m Initializing Spring TestDispatcherServlet ''
?[2m2024-09-20T22:02:18.542+03:00?[0;39m ?[32m INFO?[0;39m ?[35m14300?[0;39m ?[2m---?[0;39m ?[2m[    Test worker]?[0;39m ?[2m?[0;39m?[36mo.s.t.web.servlet.TestDispatcherServlet ?[0;39m ?[2m:?[0;39m Initializing Servlet ''
?[2m2024-09-20T22:02:18.544+03:00?[0;39m ?[32m INFO?[0;39m ?[35m14300?[0;39m ?[2m---?[0;39m ?[2m[    Test worker]?[0;39m ?[2m?[0;39m?[36mo.s.t.web.servlet.TestDispatcherServlet ?[0;39m ?[2m:?[0;39m Completed initialization in 2 ms
Hibernate: select ts1_0.id from task_statuses ts1_0 where ts1_0.slug=? fetch first ? rows only
Hibernate: insert into users (created_at,email,first_name,last_name,password_digest,updated_at,id) values (?,?,?,?,?,?,default)
Hibernate: insert into task_statuses (created_at,name,slug,id) values (?,?,?,default)
Hibernate: insert into tasks (assignee_id,created_at,description,index,name,task_status,id) values (?,?,?,?,?,?,default)
?[2m2024-09-20T22:02:18.629+03:00?[0;39m ?[32m INFO?[0;39m ?[35m14300?[0;39m ?[2m---?[0;39m ?[2m[    Test worker]?[0;39m ?[2m?[0;39m?[36mo.s.b.t.m.w.SpringBootMockServletContext?[0;39m ?[2m:?[0;39m Initializing Spring TestDispatcherServlet ''
?[2m2024-09-20T22:02:18.629+03:00?[0;39m ?[32m INFO?[0;39m ?[35m14300?[0;39m ?[2m---?[0;39m ?[2m[    Test worker]?[0;39m ?[2m?[0;39m?[36mo.s.t.web.servlet.TestDispatcherServlet ?[0;39m ?[2m:?[0;39m Initializing Servlet ''
?[2m2024-09-20T22:02:18.632+03:00?[0;39m ?[32m INFO?[0;39m ?[35m14300?[0;39m ?[2m---?[0;39m ?[2m[    Test worker]?[0;39m ?[2m?[0;39m?[36mo.s.t.web.servlet.TestDispatcherServlet ?[0;39m ?[2m:?[0;39m Completed initialization in 2 ms
Hibernate: select ts1_0.id from task_statuses ts1_0 where ts1_0.slug=? fetch first ? rows only
Hibernate: insert into users (created_at,email,first_name,last_name,password_digest,updated_at,id) values (?,?,?,?,?,?,default)
Hibernate: insert into task_statuses (created_at,name,slug,id) values (?,?,?,default)
Hibernate: insert into tasks (assignee_id,created_at,description,index,name,task_status,id) values (?,?,?,?,?,?,default)
?[2m2024-09-20T22:02:18.687+03:00?[0;39m ?[32m INFO?[0;39m ?[35m14300?[0;39m ?[2m---?[0;39m ?[2m[    Test worker]?[0;39m ?[2m?[0;39m?[36mo.s.b.t.m.w.SpringBootMockServletContext?[0;39m ?[2m:?[0;39m Initializing Spring TestDispatcherServlet ''
?[2m2024-09-20T22:02:18.688+03:00?[0;39m ?[32m INFO?[0;39m ?[35m14300?[0;39m ?[2m---?[0;39m ?[2m[    Test worker]?[0;39m ?[2m?[0;39m?[36mo.s.t.web.servlet.TestDispatcherServlet ?[0;39m ?[2m:?[0;39m Initializing Servlet ''
?[2m2024-09-20T22:02:18.690+03:00?[0;39m ?[32m INFO?[0;39m ?[35m14300?[0;39m ?[2m---?[0;39m ?[2m[    Test worker]?[0;39m ?[2m?[0;39m?[36mo.s.t.web.servlet.TestDispatcherServlet ?[0;39m ?[2m:?[0;39m Completed initialization in 2 ms
Hibernate: select ts1_0.id from task_statuses ts1_0 where ts1_0.slug=? fetch first ? rows only
Hibernate: insert into users (created_at,email,first_name,last_name,password_digest,updated_at,id) values (?,?,?,?,?,?,default)
Hibernate: insert into task_statuses (created_at,name,slug,id) values (?,?,?,default)
Hibernate: insert into tasks (assignee_id,created_at,description,index,name,task_status,id) values (?,?,?,?,?,?,default)
Hibernate: select t1_0.id,t1_0.assignee_id,t1_0.created_at,t1_0.description,t1_0.index,t1_0.name,t1_0.task_status from tasks t1_0 where 1=1 and t1_0.assignee_id=? and 1=1 and 1=1 offset ? rows fetch first ? rows only
?[2m2024-09-20T22:02:18.745+03:00?[0;39m ?[32m INFO?[0;39m ?[35m14300?[0;39m ?[2m---?[0;39m ?[2m[    Test worker]?[0;39m ?[2m?[0;39m?[36mo.s.b.t.m.w.SpringBootMockServletContext?[0;39m ?[2m:?[0;39m Initializing Spring TestDispatcherServlet ''
?[2m2024-09-20T22:02:18.746+03:00?[0;39m ?[32m INFO?[0;39m ?[35m14300?[0;39m ?[2m---?[0;39m ?[2m[    Test worker]?[0;39m ?[2m?[0;39m?[36mo.s.t.web.servlet.TestDispatcherServlet ?[0;39m ?[2m:?[0;39m Initializing Servlet ''
?[2m2024-09-20T22:02:18.748+03:00?[0;39m ?[32m INFO?[0;39m ?[35m14300?[0;39m ?[2m---?[0;39m ?[2m[    Test worker]?[0;39m ?[2m?[0;39m?[36mo.s.t.web.servlet.TestDispatcherServlet ?[0;39m ?[2m:?[0;39m Completed initialization in 2 ms
Hibernate: select ts1_0.id from task_statuses ts1_0 where ts1_0.slug=? fetch first ? rows only
Hibernate: insert into users (created_at,email,first_name,last_name,password_digest,updated_at,id) values (?,?,?,?,?,?,default)
Hibernate: insert into task_statuses (created_at,name,slug,id) values (?,?,?,default)
Hibernate: insert into tasks (assignee_id,created_at,description,index,name,task_status,id) values (?,?,?,?,?,?,default)
Hibernate: select t1_0.id,t1_0.assignee_id,t1_0.created_at,t1_0.description,t1_0.index,t1_0.name,t1_0.task_status from tasks t1_0 where 1=1 and 1=1 and lower(t1_0.task_status)=? and 1=1 offset ? rows fetch first ? rows only
?[2m2024-09-20T22:02:18.807+03:00?[0;39m ?[32m INFO?[0;39m ?[35m14300?[0;39m ?[2m---?[0;39m ?[2m[    Test worker]?[0;39m ?[2m?[0;39m?[36mo.s.b.t.m.w.SpringBootMockServletContext?[0;39m ?[2m:?[0;39m Initializing Spring TestDispatcherServlet ''
?[2m2024-09-20T22:02:18.808+03:00?[0;39m ?[32m INFO?[0;39m ?[35m14300?[0;39m ?[2m---?[0;39m ?[2m[    Test worker]?[0;39m ?[2m?[0;39m?[36mo.s.t.web.servlet.TestDispatcherServlet ?[0;39m ?[2m:?[0;39m Initializing Servlet ''
?[2m2024-09-20T22:02:18.809+03:00?[0;39m ?[32m INFO?[0;39m ?[35m14300?[0;39m ?[2m---?[0;39m ?[2m[    Test worker]?[0;39m ?[2m?[0;39m?[36mo.s.t.web.servlet.TestDispatcherServlet ?[0;39m ?[2m:?[0;39m Completed initialization in 1 ms
Hibernate: select ts1_0.id from task_statuses ts1_0 where ts1_0.slug=? fetch first ? rows only
Hibernate: insert into users (created_at,email,first_name,last_name,password_digest,updated_at,id) values (?,?,?,?,?,?,default)
Hibernate: insert into task_statuses (created_at,name,slug,id) values (?,?,?,default)
Hibernate: insert into tasks (assignee_id,created_at,description,index,name,task_status,id) values (?,?,?,?,?,?,default)
Hibernate: select ts1_0.id,ts1_0.created_at,ts1_0.name,ts1_0.slug from task_statuses ts1_0 where ts1_0.slug=?
Hibernate: insert into tasks (assignee_id,created_at,description,index,name,task_status,id) values (?,?,?,?,?,?,default)
?[2m2024-09-20T22:02:18.873+03:00?[0;39m ?[32m INFO?[0;39m ?[35m14300?[0;39m ?[2m---?[0;39m ?[2m[    Test worker]?[0;39m ?[2m?[0;39m?[36mo.s.b.t.m.w.SpringBootMockServletContext?[0;39m ?[2m:?[0;39m Initializing Spring TestDispatcherServlet ''
?[2m2024-09-20T22:02:18.873+03:00?[0;39m ?[32m INFO?[0;39m ?[35m14300?[0;39m ?[2m---?[0;39m ?[2m[    Test worker]?[0;39m ?[2m?[0;39m?[36mo.s.t.web.servlet.TestDispatcherServlet ?[0;39m ?[2m:?[0;39m Initializing Servlet ''
?[2m2024-09-20T22:02:18.875+03:00?[0;39m ?[32m INFO?[0;39m ?[35m14300?[0;39m ?[2m---?[0;39m ?[2m[    Test worker]?[0;39m ?[2m?[0;39m?[36mo.s.t.web.servlet.TestDispatcherServlet ?[0;39m ?[2m:?[0;39m Completed initialization in 1 ms
Hibernate: select ts1_0.id from task_statuses ts1_0 where ts1_0.slug=? fetch first ? rows only
Hibernate: insert into users (created_at,email,first_name,last_name,password_digest,updated_at,id) values (?,?,?,?,?,?,default)
Hibernate: insert into task_statuses (created_at,name,slug,id) values (?,?,?,default)
Hibernate: insert into tasks (assignee_id,created_at,description,index,name,task_status,id) values (?,?,?,?,?,?,default)
?[2m2024-09-20T22:02:18.913+03:00?[0;39m ?[32m INFO?[0;39m ?[35m14300?[0;39m ?[2m---?[0;39m ?[2m[    Test worker]?[0;39m ?[2m?[0;39m?[36mo.s.b.t.m.w.SpringBootMockServletContext?[0;39m ?[2m:?[0;39m Initializing Spring TestDispatcherServlet ''
?[2m2024-09-20T22:02:18.914+03:00?[0;39m ?[32m INFO?[0;39m ?[35m14300?[0;39m ?[2m---?[0;39m ?[2m[    Test worker]?[0;39m ?[2m?[0;39m?[36mo.s.t.web.servlet.TestDispatcherServlet ?[0;39m ?[2m:?[0;39m Initializing Servlet ''
?[2m2024-09-20T22:02:18.918+03:00?[0;39m ?[32m INFO?[0;39m ?[35m14300?[0;39m ?[2m---?[0;39m ?[2m[    Test worker]?[0;39m ?[2m?[0;39m?[36mo.s.t.web.servlet.TestDispatcherServlet ?[0;39m ?[2m:?[0;39m Completed initialization in 4 ms
Hibernate: select ts1_0.id from task_statuses ts1_0 where ts1_0.slug=? fetch first ? rows only
Hibernate: insert into users (created_at,email,first_name,last_name,password_digest,updated_at,id) values (?,?,?,?,?,?,default)
Hibernate: insert into task_statuses (created_at,name,slug,id) values (?,?,?,default)
Hibernate: insert into tasks (assignee_id,created_at,description,index,name,task_status,id) values (?,?,?,?,?,?,default)
Hibernate: select t1_0.id,t1_0.assignee_id,t1_0.created_at,t1_0.description,t1_0.index,t1_0.name,t1_0.task_status from tasks t1_0 join tasks_labels l1_0 on t1_0.id=l1_0.tasks_id where lower(t1_0.name) like ? escape '' and t1_0.assignee_id=? and lower(t1_0.task_status)=? and l1_0.labels_id=? offset ? rows fetch first ? rows only
]]></system-out>
  <system-err><![CDATA[]]></system-err>
</testsuite>
